<?xml version="1.0" encoding="UTF-8"?>
<!-- Generated by org.testng.reporters.JUnitReportReporter -->
<testsuite hostname="DESKTOP-QA2SRJC" failures="0" tests="1" name="com.evs.coding.Coding" time="9.109" errors="0" timestamp="2021-10-07T03:20:47 GMT-07:00" skipped="0">
  <testcase classname="com.evs.coding.Coding" name="countLink" time="9.109"/>
  <system-out/>
</testsuite> <!-- com.evs.coding.Coding -->
