<?xml version="1.0" encoding="UTF-8"?>
<!-- Generated by org.testng.reporters.JUnitReportReporter -->
<testsuite hostname="DESKTOP-QA2SRJC" failures="0" tests="8" name="com.evs.coding.DataproviderFromExcel" time="44.983" errors="0" timestamp="2021-10-14T03:25:18 GMT-07:00" skipped="0">
  <testcase classname="com.evs.coding.DataproviderFromExcel" name="asdf" time="12.057"/>
  <system-out/>
  <testcase classname="com.evs.coding.DataproviderFromExcel" name="asdf" time="5.189"/>
  <system-out/>
  <testcase classname="com.evs.coding.DataproviderFromExcel" name="asdf" time="4.712"/>
  <system-out/>
  <testcase classname="com.evs.coding.DataproviderFromExcel" name="asdf" time="4.474"/>
  <system-out/>
  <testcase classname="com.evs.coding.DataproviderFromExcel" name="asdf" time="4.918"/>
  <system-out/>
  <testcase classname="com.evs.coding.DataproviderFromExcel" name="asdf" time="5.217"/>
  <system-out/>
  <testcase classname="com.evs.coding.DataproviderFromExcel" name="asdf" time="4.116"/>
  <system-out/>
  <testcase classname="com.evs.coding.DataproviderFromExcel" name="asdf" time="4.300"/>
  <system-out/>
</testsuite> <!-- com.evs.coding.DataproviderFromExcel -->
